1                   J E S 2  J O B  L O G  --  S Y S T E M  S 0 W 1  --  N O D E  S V S C J E S 2        
0 
 05.22.57 JOB08985 ---- WEDNESDAY, 12 OCT 2011 ----
 05.22.57 JOB08985  IRR010I  USERID IMUSGU1  IS ASSIGNED TO THIS JOB.
 05.22.58 JOB08985  ICH70001I IMUSGU1  LAST ACCESS AT 05:22:55 ON WEDNESDAY, OCTOBER 12, 2011
 05.22.58 JOB08985  $HASP373 IMUSGU1A STARTED - INIT 1    - CLASS A - SYS S0W1
 05.22.59 JOB08985  -                                      -----TIMINGS (MINS.)------                          -----PAGING COUNTS----
 05.22.59 JOB08985  -STEPNAME PROCSTEP    RC   EXCP   CONN       TCB       SRB  CLOCK          SERV  WORKLOAD  PAGE  SWAP   VIO SWAPS
 05.22.59 JOB08985  -CLEANUP              00      9     13       .00       .00     .0                BATCH        0     0     0     0
 05.23.24 JOB08985  -ANALYZE              00   7533   2079       .27       .00     .4          1462  BATCH        1     0     0     0
 05.23.24 JOB08985  -IMUSGU1A ENDED.  NAME-IMUSGU1              TOTAL TCB CPU TIME=      .27 TOTAL ELAPSED TIME=    .4
 05.23.24 JOB08985  $HASP395 IMUSGU1A ENDED
0------ JES2 JOB STATISTICS ------
-  12 OCT 2011 JOB EXECUTION DATE
-           71 CARDS READ
-          683 SYSOUT PRINT RECORDS
-            0 SYSOUT PUNCH RECORDS
-           44 SYSOUT SPOOL KBYTES
-         0.43 MINUTES EXECUTION TIME
 !! END OF JES SPOOL FILE !!
        1 //IMUSGU1A JOB ,IMUSGU1,NOTIFY=IMUSGU1,MSGLEVEL=(1,1),                  JOB08985
          //             COND=(16,LT), Terminate if a step ends with RC>4                 
          //             REGION=0M                                                        
          //*                                                                             
          //* RUN RMF MAGIC ANALYZE RUN: ANALYSIS AND REPORT CREATION                     
          //*                                                                             
          //* MODIFY JCL PARAMETERS FOR YOUR DATASET NAMES                                
          //* LARGE INSTALLATIONS MAY REQUIRE REGION GREATER THAN 64 MBYTE                
          //*                                                                             
        2 //   SET PROJECT=BDIENST              SAME NAME AS REDUCE STEP                  
        3 //   SET RUN=RCQD3                    IDENTIFIER TO THIS RUN OUTPUT             
          //*                                                                             
        4 //   SET PRODUCT=RMFMAGIC.T630B469    WHERE THE PRODUCT IS INSTALLED            
        5 //   SET USERHLQ=RMFMAGIC.TSUITE      YOUR USERID FOR STUDY DATASETS            
          //*                                                                             
          //*  DATA SET NAMES GENERATED FOR CSV AND DMC FILES:                            
          //*     &USERHLQ..&PROJECT..&RUN..REPORT/DMC                                    
          //*                                                                             
          //* **** PLEASE NOTE NEW DDNAME USAGE FOR SYSPRINT AND LISTING  ****            
          //* **** YOU NEED TO USE THIS NEW JCL FROM VERSION 2.1.3 AND UP ****            
          //*                                                                             
          //* **** PLEASE NOTE : IF YOU WANT TO INCLUDE VOLUME STATEMENTS ****            
          //* **** GENERATED BY $1DENSTY, REMOVE THE COMMENT IN THE LINE  ****            
          //* **** MARKED       <-- DENSITY                               ****            
          //*                                                                             
          //* (C) INTELLIMAGIC BV, THE NETHERLANDS                                        
          //* WWW.INTELLIMAGIC.NET                                                        
          //*                                                                             
          //* INSTALLATION NOTES:                                                         
          //* - MAKE SURE THAT YOUR REGION IS LARGE (64 MBYTE OR MORE)                    
          //* - MAKE SURE THAT THE C-RUNTIME LIBRARIES ARE IN THE LINKLIST,               
          //*   OR ADD THEM TO THE STEPLIB                                                
          //* - WHEN YOUR INSTALLATION DOES NOT ACCEPT THE LOW LEVEL QUALIFIERS           
          //*   YOU CAN USE                                                               
          //*   - ANY FB-80 LLQ (LIKE CNTL) FOR THE DMC FILES                             
          //*   - ANY VB >4096 LLQ FOR THE REPORT FILE.  AS EACH LINE HAS UP TO           
          //*         256 FIELDS LONG LINES ARE REQUIRED.                                 
          //*                                                                             
          //*                                                                             
        6 //CLEANUP  EXEC PGM=IEFBR14                                                     
        7 //REPORT   DD DISP=(MOD,DELETE),UNIT=SYSDA,SPACE=(TRK,0),                       
          //            DSN=&USERHLQ..&PROJECT..&RUN..REPORT                              
          IEFC653I SUBSTITUTION JCL - DISP=(MOD,DELETE),UNIT=SYSDA,SPACE=(TRK,0),
          DSN=RMFMAGIC.TSUITE.BDIENST.RCQD3.REPORT
        8 //DMC      DD DISP=(MOD,DELETE),UNIT=SYSDA,SPACE=(TRK,0),                       
          //            DSN=&USERHLQ..&PROJECT..&RUN..DMC                                 
          IEFC653I SUBSTITUTION JCL - DISP=(MOD,DELETE),UNIT=SYSDA,SPACE=(TRK,0),DSN=RMFMAGIC.TSUITE.BDIENST.RCQD3.DMC
        9 //LISTING  DD DISP=(MOD,DELETE),UNIT=SYSDA,SPACE=(TRK,0),                       
          //            DSN=&USERHLQ..&PROJECT..&RUN..LOG                                 
          //*                                                                             
          IEFC653I SUBSTITUTION JCL - DISP=(MOD,DELETE),UNIT=SYSDA,SPACE=(TRK,0),DSN=RMFMAGIC.TSUITE.BDIENST.RCQD3.LOG
       10 //ANALYZE  EXEC PGM=RMFMAGIC,REGION=0K,PARM=ANALYZE                             
       11 //STEPLIB  DD DISP=SHR,DSN=&PRODUCT..LOAD                                       
          IEFC653I SUBSTITUTION JCL - DISP=SHR,DSN=RMFMAGIC.T630B469.LOAD
       12 //LICENSE  DD DISP=SHR,DSN=&PRODUCT..JCL(LICENSE)                               
          IEFC653I SUBSTITUTION JCL - DISP=SHR,DSN=RMFMAGIC.T630B469.JCL(LICENSE)
       13 //HARDWARE DD DISP=SHR,DSN=&PRODUCT..HARDWARE                                   
          IEFC653I SUBSTITUTION JCL - DISP=SHR,DSN=RMFMAGIC.T630B469.HARDWARE
       14 //LISTING  DD SYSOUT=*,DCB=(LRECL=255,RECFM=VBA)                                
       15 //SYSPRINT DD SYSOUT=*,DCB=(LRECL=255,RECFM=VBA)                                
       16 //LISTING  DD DCB=(LRECL=255,BLKSIZE=28000,RECFM=VBA),                          
          //            DISP=(NEW,CATLG),UNIT=SYSDA,SPACE=(CYL,(3,3),RLSE),               
          //            DSN=&USERHLQ..&PROJECT..&RUN..LOG                                 
          IEFC653I SUBSTITUTION JCL - DCB=(LRECL=255,BLKSIZE=28000,RECFM=VBA),DISP=(NEW,CATLG),UNIT=SYSDA,SPACE=(CYL,(3,
          3),RLSE),DSN=RMFMAGIC.TSUITE.BDIENST.RCQD3.LOG
       17 //SYSIN    DD DISP=SHR,DSN=&USERHLQ..&PROJECT..JCL(ANALYZE)                     
          //*        DD DISP=SHR,DSN=&USERHLQ..&PROJECT..DENSITY    <-- DENSITY           
          IEFC653I SUBSTITUTION JCL - DISP=SHR,DSN=RMFMAGIC.TSUITE.BDIENST.JCL(ANALYZE)
       18 //RMC      DD DISP=SHR,DSN=&USERHLQ..&PROJECT..RMC                              
          IEFC653I SUBSTITUTION JCL - DISP=SHR,DSN=RMFMAGIC.TSUITE.BDIENST.RMC
       19 //RMZ      DD  DISP=SHR,DSN=&USERHLQ..&PROJECT..RMZ                             
          //*GEOXPARM DD DISP=SHR,DSN=&USERHLQ..&PROJECT..GEOXPARM                        
          IEFC653I SUBSTITUTION JCL - DISP=SHR,DSN=RMFMAGIC.TSUITE.BDIENST.RMZ
       20 //DMC      DD DISP=(NEW,CATLG),UNIT=SYSDA,DSNTYPE=LIBRARY,                      
          //            SPACE=(CYL,(10,50,105),RLSE),                                     
          //            DCB=(LRECL=80,RECFM=FB,BLKSIZE=28000),                            
          //            DSN=&USERHLQ..&PROJECT..&RUN..DMC                                 
          IEFC653I SUBSTITUTION JCL - DISP=(NEW,CATLG),UNIT=SYSDA,DSNTYPE=LIBRARY,SPACE=(CYL,(10,50,105),RLSE),
          DCB=(LRECL=80,RECFM=FB,BLKSIZE=28000),DSN=RMFMAGIC.TSUITE.BDIENST.RCQD3.DMC
       21 //REPORT   DD DISP=(NEW,CATLG),UNIT=SYSDA,DSNTYPE=LIBRARY,                      
          //            SPACE=(CYL,(10,50,105),RLSE),                                     
          //            DCB=(LRECL=4096,RECFM=VB,BLKSIZE=28000),                          
          //            DSN=&USERHLQ..&PROJECT..&RUN..REPORT                              
          IEFC653I SUBSTITUTION JCL - DISP=(NEW,CATLG),UNIT=SYSDA,DSNTYPE=LIBRARY,SPACE=(CYL,(10,50,105),RLSE),
          DCB=(LRECL=4096,RECFM=VB,BLKSIZE=28000),DSN=RMFMAGIC.TSUITE.BDIENST.RCQD3.REPORT
       22 //DBA      DD DISP=SHR,                                                         
          //            DSN=&USERHLQ..&PROJECT..&RUN..DBA                                 
          IEFC653I SUBSTITUTION JCL - DISP=SHR,DSN=RMFMAGIC.TSUITE.BDIENST.RCQD3.DBA
 !! END OF JES SPOOL FILE !!
 ICH70001I IMUSGU1  LAST ACCESS AT 05:22:55 ON WEDNESDAY, OCTOBER 12, 2011
 IEF236I ALLOC. FOR IMUSGU1A CLEANUP
 IGD101I SMS ALLOCATED TO DDNAME (REPORT  )
         DSN (RMFMAGIC.TSUITE.BDIENST.RCQD3.REPORT        )
         STORCLAS (USERS) MGMTCLAS (        ) DATACLAS (        )
         VOL SER NOS= DATA16                                                                
 IGD101I SMS ALLOCATED TO DDNAME (DMC     )
         DSN (RMFMAGIC.TSUITE.BDIENST.RCQD3.DMC           )
         STORCLAS (USERS) MGMTCLAS (        ) DATACLAS (        )
         VOL SER NOS= DATA14                                                                
 IGD101I SMS ALLOCATED TO DDNAME (LISTING )
         DSN (RMFMAGIC.TSUITE.BDIENST.RCQD3.LOG           )
         STORCLAS (USERS) MGMTCLAS (        ) DATACLAS (        )
         VOL SER NOS= DATA21                                                                
 IEF142I IMUSGU1A CLEANUP - STEP WAS EXECUTED - COND CODE 0000
 IGD105I RMFMAGIC.TSUITE.BDIENST.RCQD3.REPORT         DELETED,   DDNAME=REPORT  
 IGD105I RMFMAGIC.TSUITE.BDIENST.RCQD3.DMC            DELETED,   DDNAME=DMC     
 IGD105I RMFMAGIC.TSUITE.BDIENST.RCQD3.LOG            DELETED,   DDNAME=LISTING 
 IEF373I STEP/CLEANUP /START 2011285.0522
 IEF032I STEP/CLEANUP /STOP  2011285.0522 
         CPU:     0 HR  00 MIN  00.00 SEC    SRB:     0 HR  00 MIN  00.00 SEC    
         VIRT:     4K  SYS:   228K  EXT:        0K  SYS:    11824K
 IEF236I ALLOC. FOR IMUSGU1A ANALYZE
 IGD103I SMS ALLOCATED TO DDNAME STEPLIB
 IGD103I SMS ALLOCATED TO DDNAME LICENSE
 IGD103I SMS ALLOCATED TO DDNAME HARDWARE
 IEF237I JES2 ALLOCATED TO LISTING
 IEF237I JES2 ALLOCATED TO SYSPRINT
 IGD101I SMS ALLOCATED TO DDNAME (LISTING )
         DSN (RMFMAGIC.TSUITE.BDIENST.RCQD3.LOG           )
         STORCLAS (USERS) MGMTCLAS (        ) DATACLAS (        )
         VOL SER NOS= DATA18                                                                
 IGD103I SMS ALLOCATED TO DDNAME SYSIN
 IGD103I SMS ALLOCATED TO DDNAME RMC
 IGD103I SMS ALLOCATED TO DDNAME RMZ
 IGD101I SMS ALLOCATED TO DDNAME (DMC     )
         DSN (RMFMAGIC.TSUITE.BDIENST.RCQD3.DMC           )
         STORCLAS (USERS) MGMTCLAS (        ) DATACLAS (        )
         VOL SER NOS= DATA16                                                                
 IGD101I SMS ALLOCATED TO DDNAME (REPORT  )
         DSN (RMFMAGIC.TSUITE.BDIENST.RCQD3.REPORT        )
         STORCLAS (USERS) MGMTCLAS (        ) DATACLAS (        )
         VOL SER NOS= DATA19                                                                
 IGD103I SMS ALLOCATED TO DDNAME DBA
 IEF142I IMUSGU1A ANALYZE - STEP WAS EXECUTED - COND CODE 0000
 IGD104I RMFMAGIC.T630B469.LOAD                       RETAINED,  DDNAME=STEPLIB 
 IGD104I RMFMAGIC.T630B469.JCL                        RETAINED,  DDNAME=LICENSE 
 IGD104I RMFMAGIC.T630B469.HARDWARE                   RETAINED,  DDNAME=HARDWARE
 IEF285I   IMUSGU1.IMUSGU1A.JOB08985.D0000101.?         SYSOUT        
 IEF285I   IMUSGU1.IMUSGU1A.JOB08985.D0000102.?         SYSOUT        
 IGD104I RMFMAGIC.TSUITE.BDIENST.RCQD3.LOG            RETAINED,  DDNAME=LISTING 
 IGD104I RMFMAGIC.TSUITE.BDIENST.JCL                  RETAINED,  DDNAME=SYSIN   
 IGD104I RMFMAGIC.TSUITE.BDIENST.RMC                  RETAINED,  DDNAME=RMC     
 IGD104I RMFMAGIC.TSUITE.BDIENST.RMZ                  RETAINED,  DDNAME=RMZ     
 IGD104I RMFMAGIC.TSUITE.BDIENST.RCQD3.DMC            RETAINED,  DDNAME=DMC     
 IGD104I RMFMAGIC.TSUITE.BDIENST.RCQD3.REPORT         RETAINED,  DDNAME=REPORT  
 IGD104I RMFMAGIC.TSUITE.BDIENST.RCQD3.DBA            RETAINED,  DDNAME=DBA     
 IEF373I STEP/ANALYZE /START 2011285.0522
 IEF032I STEP/ANALYZE /STOP  2011285.0523 
         CPU:     0 HR  00 MIN  16.53 SEC    SRB:     0 HR  00 MIN  00.05 SEC    
         VIRT:    80K  SYS:   736K  EXT:    41596K  SYS:    18324K
 IEF375I  JOB/IMUSGU1A/START 2011285.0522
 IEF033I  JOB/IMUSGU1A/STOP  2011285.0523 
         CPU:     0 HR  00 MIN  16.53 SEC    SRB:     0 HR  00 MIN  00.05 SEC    
 !! END OF JES SPOOL FILE !!
1IntelliMagic Vision by IntelliMagic 6.3.0  analysis date Wed Oct 12 05:23:00 2011                                                  Page 1
 I N P U T   C O M M A N D S   A N D   M E S S A G E S
 Copyright (C) 2003 - 2011 IntelliMagic, The Netherlands
0RMF0090N 00 Licensed to IntelliMagic
 RMF0091N 00 For development support
 RMF0008N 00 Licensed for IntelliMagic Balance functions
0RMF0003N 00 Copyright (C) 2003 - 2011 IntelliMagic, The Netherlands
 RMF0007N 00 IntelliMagic BV, The Netherlands, www.intellimagic.net
0Reading input commands:
0    1 |**-------------------------------------------------------------------
     2 |** Template ANALYZE step input file
     3 |**-------------------------------------------------------------------
     4 |** Use the analyze commands to:
     5 |** 1. Set a report title
     6 |** 2. Set general analysis options
     7 |** 3. Define level of detail in device reporting
     8 |** 4. Optionally define Volume properties (size, raid type)
     9 |** 5. Optionally define VolumeGroups for reporting
    10 |** 6. Optionally define custom reports (must define a report before
    11 |**    using it in an interest group command)
    12 |** 7. Define the Interest groups (one or more)
    13 |**     Optionally generate command (DMC) files for IntelliMagic
    14 |**     Direction
    15 |**     Optionally create TopN CSV files
    16 |**
    17 |** IntelliMagic Vision (C) 2003-2010 IntelliMagic
    18 |**
    19 |** This sample input member is formatted as follows:
    20 |** - lines starting with 2 asterisks are true comment lines and
    21 |**   should not be changed.
    22 |** - lines starting with a single asterisk contain a command that
    23 |**   you may activate by removing the asterisk.
    24 |** - lines that do not start with an asterisk contain a command that
    25 |**   you probably need for your (initial) run. You may need to
    26 |**   modify the parameter selection and/or settings.
    27 |** - Be sure to remove the asterisk for tne end parentheses and
    28 |**   semicolons.
    29 |**
    30 |**-------------------------------------------------------------------
    31 |** 1. Define report header and page length
    32 |**    (Define long page to avoid intermediate page headers)
    33 |**    Override message severity (return codes) as needed
    34 |**-------------------------------------------------------------------
    35 |PRINT title='Analyze', pagelen=999;
    36 |**
    37 |*	MESSAGE 156, SEVERITY=4;
    38 |**
    39 |**-------------------------------------------------------------------
    40 |** 2. ANALYZE command: override REDUCE RC as needed
    41 |**    Override high return code from REDUCE
    42 |**    (be sure to understand reason for high return code first!)
    43 |**-------------------------------------------------------------------
    44 |* ANALYZE
    45 |*   reducerc=8;
    46 |**
    47 |**-------------------------------------------------------------------
    48 |** 3. ANALYZE command: Set level of detail for device data
    49 |**    activedevicemax: Limit number of devices per interval
    50 |**         for Dashboard detail viewer reporting.
    51 |**    activedeviceintensity: set activity limit, show only devices
    52 |**         with at least 50 ms busy time per second
    53 |**        (1 I/O of 50 ms, or 25 of 2 ms each).
    54 |**-------------------------------------------------------------------
    55 |* ANALYZE
    56 |*   activedevicemax=1024;
    57 |ANALYZE
    58 |  activedeviceintensity=50;
    59 |**
    60 |**-------------------------------------------------------------------
    61 |** 4. Optionally define Volume properties (recommended)
    62 |**    You can set devtype (3390-n), hddcapacity in Gbyte,
    63 |**        hddrpm and raidtype.
    64 |**    Specify INCLUDE or EXCLUDE list with patterns based on
    65 |**           dss serial, device number range, volser or storagegroup.
    66 |** 	At least one INCLUDE command is required.
    67 |**
    68 |**    EXAMPLE:
    69 |**    The following example changes the device types to 3390-27, for
    70 |**    all devices on EMC-12123, except for devices D73A and D73B.
    71 |**
    72 |**         volume devtype=3390-54,
    73 |**                include=(dss=EMC-12123),
    74 |**                exclude=(devnum=((D73A),(D73B)))
    75 |**                ;
    76 |**
    77 |**    NOTES:
    78 |**    - The commands for logical volume sizes (devtype) are
    79 |**      automatically generated with the DCOLLECT support. If this
    80 |**      support is used, you do not need to specify them here.
    81 |**    - For z/OS 1.10 the devtype commands are not needed.
    82 |**    - For use with IntelliMagic Direction it is important to
    83 |**      properly set hddcapacity, hddrpm and raidtype for the DMC
    84 |**      files.
    85 |**-------------------------------------------------------------------
    86 |**
    87 |** 	NOTE: Please copy the command below for each combination
    88 |**          of properties that you need to set!
    89 |**
    90 |* volume
    91 |*    cylinders=3339,
    92 |*    devtype=3390-3|3390-9|3390-27|3390-54,
    93 |*    hddcapacity=146,
    94 |*    hddrpm=7200|10000|15000,
    95 |*    ssd=0|1,
    96 |*    pprc=0|1,
    97 |*    raidtype=raid1|raid5|raid6|raid10|raidS,
    98 |*    include=(
    99 |*       all,
   100 |*       dss=(IBM-12345,EMC-12345,HTC-12345),
   101 |*       devnum=((1000, 10BF),(1100,11BF),(1200,12BF), (1303), (1607)),
   102 |*       volser=(DB2*, CICS%1, TS*, IPLVOL),
   103 |*       group=(DB2DATA, SRT*),
   104 |*           ),
   105 |*    exclude=(
   106 |*       dss=(IBM-12345,EMC-12345,HTC-12345),
   107 |*       devnum=((1000, 10BF),(1100,11BF),(1200,12BF), (1303), (1607)),
   108 |*       volser=(DB2*, CICS%1, TS*, IPLVOL),
   109 |*       group=(DB2DATA, SRT*),
   110 |*           ),
   111 |*    ;
   112 |**
   113 |**-------------------------------------------------------------------
   114 |** 5. Optionally define VolumeGroups for reporting (recommended)
   115 |**    Use VolumeGroups to monitor performance per application group.
   116 |**    VolumeGroups are much more efficient (less time and space) than
   117 |**    interestgroups for reporting.
   118 |**    You can specify partially overlapping groups; once a volume
   119 |**    matches a pattern it will not be considered for subsequent
   120 |**    groups.
   121 |**
   122 |**    EXAMPLE:
   123 |**    Report on DB2, TSO and all other volumes.
   124 |**    volgroup DB2VOLS, select=(group=('DB2*'));
   125 |**    volgroup TSOVOLS, select=(group=('TSO*'));
   126 |**    volgroup OTHER,   select=all;
   127 |**
   128 |**-------------------------------------------------------------------
   129 |**
   130 |** 	NOTE: Please repeat the command below for each volume group.
   131 |**
   132 | volgroup DB0,
   133 |    select=(
   134 |       group=(DB0*),
   135 |           )
   136 |    ;
   137 |**
   138 | volgroup DB2,
   139 |    select=(
   140 |       group=(DB2*),
   141 |           )
   142 |    ;
   143 |**
   144 | volgroup BATCH,
   145 |    select=(
   146 |       group=(BATCH),
   147 |           )
   148 |    ;
   149 |**
   150 | volgroup OMVS,
   151 |    select=(
   152 |       group=(OMVS),
   153 |           )
   154 |    ;
   155 |**
   156 |**-------------------------------------------------------------------
   157 |** 6. Optionally define custom reports (advanced users)
   158 |**    You must define a report before using it in an interest group
   159 |**    command.
   160 |**    Custom reports are not shown in the GUI, but written to the
   161 |**    REPORTS directory / ddname.
   162 |**    Please refer to the documentation for supported report
   163 |**    types and fields.
   164 |**-------------------------------------------------------------------
   165 |* DEFINE REPORT dsie,
   166 |*   type=dss,
   167 |*   row, title='Use fields that GUI does not have',
   168 |*   col=(date, time, iorate, popservice, pending, poppending,
   169 |*   iosq, popiosq, connect, popconnect, disconnect, popdisconnect);
   170 |**
   171 |**-------------------------------------------------------------------
   172 |** 7. Define the Interest groups (at least one required)
   173 |**    Interest groups are groups of volumes as specified with
   174 |**    select and exclude clauses.
   175 |**    For each interestgroup you can
   176 |**    top10:  Create top-n reports based on MB /sec.
   177 |**    dmc:    Generate command (DMC) files for IntelliMagic
   178 |**            Direction based on top-n reports.
   179 |**    busydevice: request volume exception lists.
   180 |**
   181 |**    EXAMPLE:
   182 |**    include all device from IBM-12345 and storage group DB2,
   183 |**    create DMC files per LCU to top-10 by I/O rate.
   184 |**    interestgroup IGT,
   185 |**        select=(dss=IBM-12345), select=(group=DB2)),
   186 |**        top10=(criterion=iorate), dmc=(topn, lcu);
   187 |**-------------------------------------------------------------------
   188 |**
   189 |**    NOTE: repeat interestgroup commands to use more than one.
   190 |**    NOTE: repeat the SELECT clause to include more volumes.
   191 |**    NOTE: repeat the EXCLUDE clause to exclude more volumes.
   192 |**
   193 |INTERESTGROUP IGT,
   194 |    busydevice=(criterion=IORATE, threshold=300),
   195 |**      other variables that can be used instead of IORATE
   196 |**          IORATE, RESPONSE, CONNECT, CHANNELBUSY,
   197 |**          DISCONNECT, PENDING, IOSQ, READHIT, WRITEHIT, RWRATIO,
   198 |**          WRITERATE, WRITEMBS, POPRESPONSE, POPSERVICE,
   199 |**          POPIOSQ, POPENDING, POPCONNECT, POPDISCONNECT
   200 |*   top10=(criterion=MBS),
   201 |**      other variables that can be used instead of MBS
   202 |**       IORATE, CONNECT, DISCONNECT, PENDING, IOSQ,
   203 |**       READHIT, WRITEHIT, RWRATIO, WRITERATE, WRITEMBS,
   204 |**       READMBS, MBS, SEQ, SEQSTAG,DESTAGE, POPRESPONSE, POPSERVICE,
   205 |**       POPIOSQ, POPPENDING, POPCONNECT,  POPDISCONNECT
   206 |*   dmc=(
   207 |*        TOPN | ALL ,
   208 |*        DSS | LCU | DEVICE,
   209 |*        PPRC | SRDF,
   210 |*        GEOXPARM,
   211 |*        ),
   212 |    select=(
   213 |        all,
   214 |*       dss=(IBM-12345,EMC-12345,HTC-12345),
   215 |*       devnum=((1000, 10BF),(1100,11BF),(1200,12BF), (1303), (1607)),
   216 |*       volser=(DB2*, CICS%1, TS*, IPLVOL),
   217 |*       group=(DB2DATA, SRT*),
   218 |*       ssid=(2000, 2100, 2200),
   219 |*       pprc,
   220 |*       srdf,
   221 |           ),
   222 |*    limitto=(dss=(IBM-12345,EMC-12345,HTC-12345)),
   223 |*    exclude=(
   224 |*       dss=(IBM-12345,EMC-12345,HTC-12345),
   225 |*       devnum=((1000, 10BF),(1100,11BF),(1200,12BF), (1303), (1607)),
   226 |*       volser=(DB2*, CICS%1, TS*, IPLVOL),
   227 |*       ssid=(2000, 2100, 2200),
   228 |*       group=(DB2DATA, SRT*),
   229 |*           ),
   230 |*   interval=(start=(time='12:00:00'), end=(time='15:45:02')),
   231 |*   interval=(start=(date='2003/07/05',time='12:00:00'),
   232 |*             end=(date='2003/07/05',time='15:45:02')),
   233 |*   report=(dsie),
   234 |    ;
 RMF0056N 00 No TOPN-criterion specified for interestgroup IGT, will not select TOPN intervals
   235 |**
   236 |**-------------------------------------------------------------------
0End of Input Commands.
0RMF0310N 00 Writing CSV file DD:DBA(IGT$DVOL) (Device table for database processing).
 RMF0310N 00 Writing CSV file DD:REPORT(IGT@ALL) (Summary per interval).
 RMF0310N 00 Writing CSV file DD:REPORT(IGT$ALL) (Summary per interval).
 RMF0310N 00 Writing CSV file DD:REPORT(IGT@DSSS) (XRC Planning: DSS Short Report).
 RMF0310N 00 Writing CSV file DD:REPORT(IGT$DSSS) (XRC Planning: DSS Short Report).
 RMF0310N 00 Writing CSV file DD:REPORT(IGT@SYS) (Summary per SMFID).
 RMF0310N 00 Writing CSV file DD:REPORT(IGT$SYS) (Summary per SMFID).
 RMF0310N 00 Writing CSV file DD:DBA(IGT@DALL) (ALL table for database processing).
 RMF0310N 00 Writing CSV file DD:DBA(IGT$DALL) (ALL table for database processing).
 RMF0310N 00 Writing CSV file DD:DBA(IGT@DSYS) (SYS table for database processing).
 RMF0310N 00 Writing CSV file DD:DBA(IGT$DSYS) (SYS table for database processing).
 RMF0310N 00 Writing CSV file DD:DBA(IGT@DSRV) (Service class for database processing).
 RMF0310N 00 Writing CSV file DD:DBA(IGT@DPAG) (Page Data Set statistics for database processing).
 RMF0310N 00 Writing CSV file DD:DBA(IGT@DIOP) (IOP data for database processing).
 RMF0310N 00 Writing CSV file DD:DBA(IGT@DDSS) (DSS table for database processing).
 RMF0310N 00 Writing CSV file DD:DBA(IGT$DDSS) (DSS table for database processing).
 RMF0310N 00 Writing CSV file DD:DBA(IGT@DLSS) (LSS table for database processing).
 RMF0310N 00 Writing CSV file DD:DBA(IGT$DLSS) (LSS table for database processing).
 RMF0310N 00 Writing CSV file DD:DBA(IGT@DSTG) (Storage group table for database processing).
 RMF0310N 00 Writing CSV file DD:DBA(IGT$DSTG) (Storage group table for database processing).
 RMF0310N 00 Writing CSV file DD:DBA(IGT@DCHP) (Channel table for database processing).
 RMF0310N 00 Writing CSV file DD:DBA(IGT@DDEV) (Disks with highest write activity (sorted by Write MB/s)).
 RMF0310N 00 Writing CSV file DD:DBA(IGT$DDEV) (Disks with highest write activity (sorted by Write MB/s)).
 RMF0310N 00 Writing CSV file DD:DBA(IGT@DLNK) (ESS Link statistics for database processing).
 RMF0310N 00 Writing CSV file DD:DBA(IGT@DRNK) (ESS SegmentPool and Rank statistics for database processing).
 RMF0310N 00 Writing CSV file DD:DBA(IGT@DARR) (ESS Rank statistics for database processing).
 RMF0310N 00 Writing CSV file DD:DBA(IGT@DHA) (Host Adapter statistics for database processing).
 RMF0310N 00 Writing CSV file DD:DBA(IGT@DDRV) (Physical Disk Drive).
 RMF0310N 00 Writing CSV file DD:DBA(IGT@DSRA) (SRDF/A statistics for database processing).
 RMF0310N 00 Writing CSV file DD:DBA(IGT@DEXP) (ESS Extent Pool statistics for database processing).
 RMF0310N 00 Writing CSV file DD:DBA(IGT@DFCD) (FICON Director for database processing).
 RMF0310N 00 Writing CSV file DD:DBA(IGT@DFDP) (FICON Director Port for database processing).
 RMF0310N 00 Writing CSV file DD:DBA(IGT@DWKL) (SDM table for database processing).
 RMF0310N 00 Writing CSV file DD:DBA(IGT$DWKL) (SDM table for database processing).
 RMF0310N 00 Writing CSV file DD:DBA(IGT@DGRP) (User Defined Volume group table for database processing).
 RMF0310N 00 Writing CSV file DD:DBA(IGT$DGRP) (User Defined Volume group table for database processing).
 RMF0310N 00 Writing CSV file DD:DBA(IGT@DVDB) (Device table for database processing for DB queries).
 RMF0310N 00 Writing CSV file DD:DBA(IGT$DVDB) (Device table for database processing for DB queries).
 
1IntelliMagic Vision by IntelliMagic 6.3.0  analysis date Wed Oct 12 05:23:00 2011                                                  Page 2
 R E A D I N G   D A T A B A S E F I L E
 Analyze
0RMF0005N 00 IntelliMagic Vision 6.3.0 analyze started at Wed Oct 12 05:23:01 2011
0RMF0201N 00 Reading interval. Start = 2010/08/26 00:00:00, length = 00:15:00
 RMF0201N 00 Reading interval. Start = 2010/08/26 00:15:00, length = 00:15:00
 RMF0201N 00 Reading interval. Start = 2010/08/26 00:30:00, length = 00:15:00
 RMF0201N 00 Reading interval. Start = 2010/08/26 00:45:00, length = 00:15:00
 RMF0201N 00 Reading interval. Start = 2010/08/26 01:00:00, length = 00:15:00
 RMF0201N 00 Reading interval. Start = 2010/08/26 01:15:00, length = 00:15:00
 RMF0201N 00 Reading interval. Start = 2010/08/26 01:30:00, length = 00:15:00
 RMF0201N 00 Reading interval. Start = 2010/08/26 01:45:00, length = 00:15:00
 RMF0201N 00 Reading interval. Start = 2010/08/26 02:00:00, length = 00:15:00
 RMF0201N 00 Reading interval. Start = 2010/08/26 02:15:00, length = 00:15:00
 RMF0201N 00 Reading interval. Start = 2010/08/26 02:30:00, length = 00:15:00
 RMF0201N 00 Reading interval. Start = 2010/08/26 02:45:00, length = 00:15:00
 RMF0201N 00 Reading interval. Start = 2010/08/26 03:00:00, length = 00:15:00
 RMF0201N 00 Reading interval. Start = 2010/08/26 03:15:00, length = 00:15:00
 RMF0201N 00 Reading interval. Start = 2010/08/26 03:30:00, length = 00:15:00
 RMF0201N 00 Reading interval. Start = 2010/08/26 03:45:00, length = 00:15:00
 RMF0201N 00 Reading interval. Start = 2010/08/26 04:00:00, length = 00:15:00
 RMF0201N 00 Reading interval. Start = 2010/08/26 04:15:00, length = 00:15:00
 RMF0201N 00 Reading interval. Start = 2010/08/26 04:30:00, length = 00:15:00
 RMF0201N 00 Reading interval. Start = 2010/08/26 04:45:00, length = 00:15:00
 RMF0201N 00 Reading interval. Start = 2010/08/26 05:00:00, length = 00:15:00
 RMF0201N 00 Reading interval. Start = 2010/08/26 05:15:00, length = 00:15:00
 RMF0201N 00 Reading interval. Start = 2010/08/26 05:30:00, length = 00:15:00
 RMF0201N 00 Reading interval. Start = 2010/08/26 05:45:00, length = 00:15:00
 RMF0201N 00 Reading interval. Start = 2010/08/26 06:00:00, length = 00:15:00
 RMF0201N 00 Reading interval. Start = 2010/08/26 06:15:00, length = 00:15:00
 RMF0201N 00 Reading interval. Start = 2010/08/26 06:30:00, length = 00:15:00
 RMF0201N 00 Reading interval. Start = 2010/08/26 06:45:00, length = 00:15:00
 RMF0201N 00 Reading interval. Start = 2010/08/26 07:00:00, length = 00:15:00
 RMF0201N 00 Reading interval. Start = 2010/08/26 07:15:00, length = 00:15:00
 RMF0201N 00 Reading interval. Start = 2010/08/26 07:30:00, length = 00:15:00
 RMF0201N 00 Reading interval. Start = 2010/08/26 07:45:00, length = 00:15:00
 RMF0201N 00 Reading interval. Start = 2010/08/26 08:00:00, length = 00:15:00
 RMF0201N 00 Reading interval. Start = 2010/08/26 08:15:00, length = 00:15:00
 RMF0201N 00 Reading interval. Start = 2010/08/26 08:30:00, length = 00:15:00
 RMF0201N 00 Reading interval. Start = 2010/08/26 08:45:00, length = 00:15:00
 RMF0201N 00 Reading interval. Start = 2010/08/26 09:00:00, length = 00:15:00
 RMF0201N 00 Reading interval. Start = 2010/08/26 09:15:00, length = 00:15:00
 RMF0201N 00 Reading interval. Start = 2010/08/26 09:30:00, length = 00:15:00
 RMF0201N 00 Reading interval. Start = 2010/08/26 09:45:00, length = 00:15:00
 RMF0201N 00 Reading interval. Start = 2010/08/26 10:00:00, length = 00:15:00
 RMF0201N 00 Reading interval. Start = 2010/08/26 10:15:00, length = 00:15:00
 RMF0201N 00 Reading interval. Start = 2010/08/26 10:30:00, length = 00:15:00
 RMF0201N 00 Reading interval. Start = 2010/08/26 10:45:00, length = 00:15:00
 RMF0201N 00 Reading interval. Start = 2010/08/26 11:00:00, length = 00:15:00
 RMF0201N 00 Reading interval. Start = 2010/08/26 11:15:00, length = 00:15:00
 RMF0201N 00 Reading interval. Start = 2010/08/26 11:30:00, length = 00:15:00
 RMF0201N 00 Reading interval. Start = 2010/08/26 11:45:00, length = 00:15:00
 RMF0201N 00 Reading interval. Start = 2010/08/26 12:00:00, length = 00:15:00
 RMF0201N 00 Reading interval. Start = 2010/08/26 12:15:00, length = 00:15:00
 RMF0201N 00 Reading interval. Start = 2010/08/26 12:30:00, length = 00:15:00
 RMF0201N 00 Reading interval. Start = 2010/08/26 12:45:00, length = 00:15:00
 RMF0201N 00 Reading interval. Start = 2010/08/26 13:00:00, length = 00:15:00
 RMF0201N 00 Reading interval. Start = 2010/08/26 13:15:00, length = 00:15:00
 RMF0201N 00 Reading interval. Start = 2010/08/26 13:30:00, length = 00:15:00
 RMF0201N 00 Reading interval. Start = 2010/08/26 13:45:00, length = 00:15:00
 RMF0201N 00 Reading interval. Start = 2010/08/26 14:00:00, length = 00:15:00
 RMF0201N 00 Reading interval. Start = 2010/08/26 14:15:00, length = 00:15:00
 RMF0201N 00 Reading interval. Start = 2010/08/26 14:30:00, length = 00:15:00
 RMF0201N 00 Reading interval. Start = 2010/08/26 14:45:00, length = 00:15:00
 RMF0201N 00 Reading interval. Start = 2010/08/26 15:00:00, length = 00:15:00
 RMF0201N 00 Reading interval. Start = 2010/08/26 15:15:00, length = 00:15:00
 RMF0201N 00 Reading interval. Start = 2010/08/26 15:30:00, length = 00:15:00
 RMF0201N 00 Reading interval. Start = 2010/08/26 15:45:00, length = 00:15:00
 RMF0201N 00 Reading interval. Start = 2010/08/26 16:00:00, length = 00:15:00
 RMF0201N 00 Reading interval. Start = 2010/08/26 16:15:00, length = 00:15:00
 RMF0201N 00 Reading interval. Start = 2010/08/26 16:30:00, length = 00:15:00
 RMF0201N 00 Reading interval. Start = 2010/08/26 16:45:00, length = 00:15:00
 RMF0201N 00 Reading interval. Start = 2010/08/26 17:00:00, length = 00:15:00
 RMF0201N 00 Reading interval. Start = 2010/08/26 17:15:00, length = 00:15:00
 RMF0201N 00 Reading interval. Start = 2010/08/26 17:30:00, length = 00:15:00
 RMF0201N 00 Reading interval. Start = 2010/08/26 17:45:00, length = 00:15:00
 RMF0201N 00 Reading interval. Start = 2010/08/26 18:00:00, length = 00:15:00
 RMF0201N 00 Reading interval. Start = 2010/08/26 18:15:00, length = 00:15:00
 RMF0201N 00 Reading interval. Start = 2010/08/26 18:30:00, length = 00:15:00
 RMF0201N 00 Reading interval. Start = 2010/08/26 18:45:00, length = 00:15:00
 RMF0201N 00 Reading interval. Start = 2010/08/26 19:00:00, length = 00:15:00
 RMF0201N 00 Reading interval. Start = 2010/08/26 19:15:00, length = 00:15:00
 RMF0201N 00 Reading interval. Start = 2010/08/26 19:30:00, length = 00:15:00
 RMF0201N 00 Reading interval. Start = 2010/08/26 19:45:00, length = 00:15:00
 RMF0201N 00 Reading interval. Start = 2010/08/26 20:00:00, length = 00:15:00
 RMF0201N 00 Reading interval. Start = 2010/08/26 20:15:00, length = 00:15:00
 RMF0201N 00 Reading interval. Start = 2010/08/26 20:30:00, length = 00:15:00
 RMF0201N 00 Reading interval. Start = 2010/08/26 20:45:00, length = 00:15:00
 RMF0201N 00 Reading interval. Start = 2010/08/26 21:00:00, length = 00:15:00
 RMF0201N 00 Reading interval. Start = 2010/08/26 21:15:00, length = 00:15:00
 RMF0201N 00 Reading interval. Start = 2010/08/26 21:30:00, length = 00:15:00
 RMF0201N 00 Reading interval. Start = 2010/08/26 21:45:00, length = 00:15:00
 RMF0201N 00 Reading interval. Start = 2010/08/26 22:00:00, length = 00:15:00
 RMF0201N 00 Reading interval. Start = 2010/08/26 22:15:00, length = 00:15:00
 RMF0201N 00 Reading interval. Start = 2010/08/26 22:30:00, length = 00:15:00
 RMF0201N 00 Reading interval. Start = 2010/08/26 22:45:00, length = 00:15:00
 RMF0201N 00 Reading interval. Start = 2010/08/26 23:00:00, length = 00:15:00
 RMF0201N 00 Reading interval. Start = 2010/08/26 23:15:00, length = 00:15:00
 RMF0201N 00 Reading interval. Start = 2010/08/26 23:30:00, length = 00:15:00
 RMF0201N 00 Reading interval. Start = 2010/08/26 23:45:00, length = 00:15:00
 RMF0260N 00 Interest Group IGT, DSS HTC-78110, selected 671 out of 671 devices
 RMF0261N 00 Interest Group IGT, all DSS, selected 671 out of 671 devices
 RMF0310N 00 Writing CSV file DD:REPORT(SELDEV) (Effective Device Selections).
 RMF0310N 00 Writing CSV file DD:DBA(IGT@CVER) (IntelliMagic Vision Version Information).
 RMF0310N 00 Writing CSV file DD:DBA(IGT@CDSS) (DSS information).
 RMF0310N 00 Writing CSV file DD:DBA(IGT@CFCD) (FCD information).
 RMF0310N 00 Writing CSV file DD:DBA(IGT@CSYS) (System information).
 RMF0310N 00 Writing CSV file DD:DBA(IGT@SELD) (Device Selections for interestgroup).
 RMF0310N 00 Writing CSV file DD:DBA(IGT@HDSS) (Historic DSS information).
 RMF0310N 00 Writing CSV file DD:DBA(IGT@HFCD) (Historic FCD information).
 RMF0310N 00 Writing CSV file DD:DBA(IGT@HSYS) (Historic System information).
 RMF0310N 00 Writing CSV file DD:DBA(IGT@HSLD) (Device Selections for interestgroup).
 RMF0310N 00 Writing CSV file DD:DBA(IGT@CCPD) (Channel Path Description).
 RMF0310N 00 Writing CSV file DD:DBA(IGT@CVTD) (Volume to Drive mapping (EMC)).
 RMF0310N 00 Writing CSV file DD:DBA(IGT@CATD) (Array to Drive mapping (EMC)).
 
1IntelliMagic Vision by IntelliMagic 6.3.0  analysis date Wed Oct 12 05:23:00 2011                                                  Page 3
 W R I T I N G   R E P O R T S
 Analyze
0RMF0006N 00 IntelliMagic Vision ended at Wed Oct 12 05:23:24 2011
 .
 !! END OF JES SPOOL FILE !!
 RMF0090N 00 Licensed to IntelliMagic
 RMF0091N 00 For development support
 RMF0008N 00 Licensed for IntelliMagic Balance functions
 RMF0003N 00 Copyright (C) 2003 - 2011 IntelliMagic, The Netherlands
 RMF0007N 00 IntelliMagic BV, The Netherlands, www.intellimagic.net
 RMF0056N 00 No TOPN-criterion specified for interestgroup IGT, will not select TOPN intervals
 RMF0005N 00 IntelliMagic Vision 6.3.0 analyze started at Wed Oct 12 05:23:01 2011
0RMF0201N 00 Reading interval. Start = 2010/08/26 00:00:00, length = 00:15:00
 RMF0201N 00 Reading interval. Start = 2010/08/26 00:15:00, length = 00:15:00
 RMF0201N 00 Reading interval. Start = 2010/08/26 00:30:00, length = 00:15:00
 RMF0201N 00 Reading interval. Start = 2010/08/26 00:45:00, length = 00:15:00
 RMF0201N 00 Reading interval. Start = 2010/08/26 01:00:00, length = 00:15:00
 RMF0201N 00 Reading interval. Start = 2010/08/26 01:15:00, length = 00:15:00
 RMF0201N 00 Reading interval. Start = 2010/08/26 01:30:00, length = 00:15:00
 RMF0201N 00 Reading interval. Start = 2010/08/26 01:45:00, length = 00:15:00
 RMF0201N 00 Reading interval. Start = 2010/08/26 02:00:00, length = 00:15:00
 RMF0201N 00 Reading interval. Start = 2010/08/26 02:15:00, length = 00:15:00
 RMF0201N 00 Reading interval. Start = 2010/08/26 02:30:00, length = 00:15:00
 RMF0201N 00 Reading interval. Start = 2010/08/26 02:45:00, length = 00:15:00
 RMF0201N 00 Reading interval. Start = 2010/08/26 03:00:00, length = 00:15:00
 RMF0201N 00 Reading interval. Start = 2010/08/26 03:15:00, length = 00:15:00
 RMF0201N 00 Reading interval. Start = 2010/08/26 03:30:00, length = 00:15:00
 RMF0201N 00 Reading interval. Start = 2010/08/26 03:45:00, length = 00:15:00
 RMF0201N 00 Reading interval. Start = 2010/08/26 04:00:00, length = 00:15:00
 RMF0201N 00 Reading interval. Start = 2010/08/26 04:15:00, length = 00:15:00
 RMF0201N 00 Reading interval. Start = 2010/08/26 04:30:00, length = 00:15:00
 RMF0201N 00 Reading interval. Start = 2010/08/26 04:45:00, length = 00:15:00
 RMF0201N 00 Reading interval. Start = 2010/08/26 05:00:00, length = 00:15:00
 RMF0201N 00 Reading interval. Start = 2010/08/26 05:15:00, length = 00:15:00
 RMF0201N 00 Reading interval. Start = 2010/08/26 05:30:00, length = 00:15:00
 RMF0201N 00 Reading interval. Start = 2010/08/26 05:45:00, length = 00:15:00
 RMF0201N 00 Reading interval. Start = 2010/08/26 06:00:00, length = 00:15:00
 RMF0201N 00 Reading interval. Start = 2010/08/26 06:15:00, length = 00:15:00
 RMF0201N 00 Reading interval. Start = 2010/08/26 06:30:00, length = 00:15:00
 RMF0201N 00 Reading interval. Start = 2010/08/26 06:45:00, length = 00:15:00
 RMF0201N 00 Reading interval. Start = 2010/08/26 07:00:00, length = 00:15:00
 RMF0201N 00 Reading interval. Start = 2010/08/26 07:15:00, length = 00:15:00
 RMF0201N 00 Reading interval. Start = 2010/08/26 07:30:00, length = 00:15:00
 RMF0201N 00 Reading interval. Start = 2010/08/26 07:45:00, length = 00:15:00
 RMF0201N 00 Reading interval. Start = 2010/08/26 08:00:00, length = 00:15:00
 RMF0201N 00 Reading interval. Start = 2010/08/26 08:15:00, length = 00:15:00
 RMF0201N 00 Reading interval. Start = 2010/08/26 08:30:00, length = 00:15:00
 RMF0201N 00 Reading interval. Start = 2010/08/26 08:45:00, length = 00:15:00
 RMF0201N 00 Reading interval. Start = 2010/08/26 09:00:00, length = 00:15:00
 RMF0201N 00 Reading interval. Start = 2010/08/26 09:15:00, length = 00:15:00
 RMF0201N 00 Reading interval. Start = 2010/08/26 09:30:00, length = 00:15:00
 RMF0201N 00 Reading interval. Start = 2010/08/26 09:45:00, length = 00:15:00
 RMF0201N 00 Reading interval. Start = 2010/08/26 10:00:00, length = 00:15:00
 RMF0201N 00 Reading interval. Start = 2010/08/26 10:15:00, length = 00:15:00
 RMF0201N 00 Reading interval. Start = 2010/08/26 10:30:00, length = 00:15:00
 RMF0201N 00 Reading interval. Start = 2010/08/26 10:45:00, length = 00:15:00
 RMF0201N 00 Reading interval. Start = 2010/08/26 11:00:00, length = 00:15:00
 RMF0201N 00 Reading interval. Start = 2010/08/26 11:15:00, length = 00:15:00
 RMF0201N 00 Reading interval. Start = 2010/08/26 11:30:00, length = 00:15:00
 RMF0201N 00 Reading interval. Start = 2010/08/26 11:45:00, length = 00:15:00
 RMF0201N 00 Reading interval. Start = 2010/08/26 12:00:00, length = 00:15:00
 RMF0201N 00 Reading interval. Start = 2010/08/26 12:15:00, length = 00:15:00
 RMF0201N 00 Reading interval. Start = 2010/08/26 12:30:00, length = 00:15:00
 RMF0201N 00 Reading interval. Start = 2010/08/26 12:45:00, length = 00:15:00
 RMF0201N 00 Reading interval. Start = 2010/08/26 13:00:00, length = 00:15:00
 RMF0201N 00 Reading interval. Start = 2010/08/26 13:15:00, length = 00:15:00
 RMF0201N 00 Reading interval. Start = 2010/08/26 13:30:00, length = 00:15:00
 RMF0201N 00 Reading interval. Start = 2010/08/26 13:45:00, length = 00:15:00
 RMF0201N 00 Reading interval. Start = 2010/08/26 14:00:00, length = 00:15:00
 RMF0201N 00 Reading interval. Start = 2010/08/26 14:15:00, length = 00:15:00
 RMF0201N 00 Reading interval. Start = 2010/08/26 14:30:00, length = 00:15:00
 RMF0201N 00 Reading interval. Start = 2010/08/26 14:45:00, length = 00:15:00
 RMF0201N 00 Reading interval. Start = 2010/08/26 15:00:00, length = 00:15:00
 RMF0201N 00 Reading interval. Start = 2010/08/26 15:15:00, length = 00:15:00
 RMF0201N 00 Reading interval. Start = 2010/08/26 15:30:00, length = 00:15:00
 RMF0201N 00 Reading interval. Start = 2010/08/26 15:45:00, length = 00:15:00
 RMF0201N 00 Reading interval. Start = 2010/08/26 16:00:00, length = 00:15:00
 RMF0201N 00 Reading interval. Start = 2010/08/26 16:15:00, length = 00:15:00
 RMF0201N 00 Reading interval. Start = 2010/08/26 16:30:00, length = 00:15:00
 RMF0201N 00 Reading interval. Start = 2010/08/26 16:45:00, length = 00:15:00
 RMF0201N 00 Reading interval. Start = 2010/08/26 17:00:00, length = 00:15:00
 RMF0201N 00 Reading interval. Start = 2010/08/26 17:15:00, length = 00:15:00
 RMF0201N 00 Reading interval. Start = 2010/08/26 17:30:00, length = 00:15:00
 RMF0201N 00 Reading interval. Start = 2010/08/26 17:45:00, length = 00:15:00
 RMF0201N 00 Reading interval. Start = 2010/08/26 18:00:00, length = 00:15:00
 RMF0201N 00 Reading interval. Start = 2010/08/26 18:15:00, length = 00:15:00
 RMF0201N 00 Reading interval. Start = 2010/08/26 18:30:00, length = 00:15:00
 RMF0201N 00 Reading interval. Start = 2010/08/26 18:45:00, length = 00:15:00
 RMF0201N 00 Reading interval. Start = 2010/08/26 19:00:00, length = 00:15:00
 RMF0201N 00 Reading interval. Start = 2010/08/26 19:15:00, length = 00:15:00
 RMF0201N 00 Reading interval. Start = 2010/08/26 19:30:00, length = 00:15:00
 RMF0201N 00 Reading interval. Start = 2010/08/26 19:45:00, length = 00:15:00
 RMF0201N 00 Reading interval. Start = 2010/08/26 20:00:00, length = 00:15:00
 RMF0201N 00 Reading interval. Start = 2010/08/26 20:15:00, length = 00:15:00
 RMF0201N 00 Reading interval. Start = 2010/08/26 20:30:00, length = 00:15:00
 RMF0201N 00 Reading interval. Start = 2010/08/26 20:45:00, length = 00:15:00
 RMF0201N 00 Reading interval. Start = 2010/08/26 21:00:00, length = 00:15:00
 RMF0201N 00 Reading interval. Start = 2010/08/26 21:15:00, length = 00:15:00
 RMF0201N 00 Reading interval. Start = 2010/08/26 21:30:00, length = 00:15:00
 RMF0201N 00 Reading interval. Start = 2010/08/26 21:45:00, length = 00:15:00
 RMF0201N 00 Reading interval. Start = 2010/08/26 22:00:00, length = 00:15:00
 RMF0201N 00 Reading interval. Start = 2010/08/26 22:15:00, length = 00:15:00
 RMF0201N 00 Reading interval. Start = 2010/08/26 22:30:00, length = 00:15:00
 RMF0201N 00 Reading interval. Start = 2010/08/26 22:45:00, length = 00:15:00
 RMF0201N 00 Reading interval. Start = 2010/08/26 23:00:00, length = 00:15:00
 RMF0201N 00 Reading interval. Start = 2010/08/26 23:15:00, length = 00:15:00
 RMF0201N 00 Reading interval. Start = 2010/08/26 23:30:00, length = 00:15:00
 RMF0201N 00 Reading interval. Start = 2010/08/26 23:45:00, length = 00:15:00
 RMF0260N 00 Interest Group IGT, DSS HTC-78110, selected 671 out of 671 devices
 RMF0261N 00 Interest Group IGT, all DSS, selected 671 out of 671 devices
 RMF0006N 00 IntelliMagic Vision ended at Wed Oct 12 05:23:24 2011
 .
 !! END OF JES SPOOL FILE !!
